{"C:\\Users\\milas\\OneDrive\\Рабочий стол\\Учеба\\ajs-50\\Object-reflection-proxy\\src\\js\\app.js": {"path":"C:\\Users\\milas\\OneDrive\\Рабочий стол\\Учеба\\ajs-50\\Object-reflection-proxy\\src\\js\\app.js","statementMap":{"0":{"start":{"line":2,"column":19},"end":{"line":4,"column":11}},"1":{"start":{"line":3,"column":21},"end":{"line":3,"column":45}},"2":{"start":{"line":5,"column":15},"end":{"line":5,"column":41}},"3":{"start":{"line":6,"column":2},"end":{"line":9,"column":6}},"4":{"start":{"line":6,"column":28},"end":{"line":9,"column":3}}},"fnMap":{"0":{"name":"orderByProps","decl":{"start":{"line":1,"column":24},"end":{"line":1,"column":36}},"loc":{"start":{"line":1,"column":54},"end":{"line":10,"column":1}},"line":1},"1":{"name":"(anonymous_1)","decl":{"start":{"line":3,"column":12},"end":{"line":3,"column":13}},"loc":{"start":{"line":3,"column":21},"end":{"line":3,"column":45}},"line":3},"2":{"name":"(anonymous_2)","decl":{"start":{"line":6,"column":18},"end":{"line":6,"column":19}},"loc":{"start":{"line":6,"column":28},"end":{"line":9,"column":3}},"line":6}},"branchMap":{},"s":{"0":2,"1":10,"2":2,"3":2,"4":10},"f":{"0":2,"1":10,"2":10},"b":{},"_coverageSchema":"1a1c01bbd47fc00a2c39e90264f33305004495a9","hash":"11c52a3749c8f67d5c36611612c3fb8bccdc627d"}
}
